2021-07-04 23:25:41 [scrapy.utils.log] INFO: Scrapy 2.5.0 started (bot: maketabkhooneh)
2021-07-04 23:25:41 [scrapy.utils.log] INFO: Versions: lxml 4.6.3.0, libxml2 2.9.5, cssselect 1.1.0, parsel 1.6.0, w3lib 1.22.0, Twisted 21.2.0, Python 3.7.8 (tags/v3.7.8:4b47a5b6ba, Jun 28 2020, 08:53:46) [MSC v.1916 64 bit (AMD64)], pyOpenSSL 20.0.1 (OpenSSL 1.1.1k  25 Mar 2021), cryptography 3.4.7, Platform Windows-10-10.0.19041-SP0
2021-07-04 23:25:41 [scrapy.utils.log] DEBUG: Using reactor: twisted.internet.selectreactor.SelectReactor
2021-07-04 23:25:41 [scrapy.crawler] INFO: Overridden settings:
{'BOT_NAME': 'maketabkhooneh',
 'LOG_FILE': 'app.log',
 'LOG_LEVEL': 'WARNING',
 'NEWSPIDER_MODULE': 'maketabkhooneh.spiders',
 'ROBOTSTXT_OBEY': True,
 'SPIDER_MODULES': ['maketabkhooneh.spiders']}
2021-07-04 23:26:42 [scrapy.core.scraper] ERROR: Spider error processing <GET https://maktabkhooneh.org/career/%D8%A2%D9%85%D9%88%D8%B2%D8%B4-Front-End-React-JS-mk23/> (referer: https://maktabkhooneh.org/api/learn/?types=PLUS&types=MAKTAB&types=HAMAYESH&sorting=new&selected_category=58&p=2)
Traceback (most recent call last):
  File "e:\projects\maktabkhooneh\venv\lib\site-packages\twisted\internet\defer.py", line 662, in _runCallbacks
    current.result = callback(current.result, *args, **kw)
  File "E:\projects\maktabkhooneh\maketabkhooneh\spiders\courses.py", line 57, in extract
    more_json = json.loads(response.xpath('//script[@type="application/ld+json"][4]/text()').get())
  File "C:\Users\emeh\AppData\Local\Programs\Python\Python37\lib\json\__init__.py", line 341, in loads
    raise TypeError(f'the JSON object must be str, bytes or bytearray, '
TypeError: the JSON object must be str, bytes or bytearray, not NoneType
2021-07-04 23:26:45 [scrapy.core.scraper] ERROR: Spider error processing <GET https://maktabkhooneh.org/career/%D8%A2%D9%85%D9%88%D8%B2%D8%B4-%D8%B1%D8%A7%D9%87-%D8%A7%D9%86%D8%AF%D8%A7%D8%B2%DB%8C-VoIP-mk21/> (referer: https://maktabkhooneh.org/api/learn/?types=PLUS&types=MAKTAB&types=HAMAYESH&sorting=new&selected_category=58&p=5)
Traceback (most recent call last):
  File "e:\projects\maktabkhooneh\venv\lib\site-packages\twisted\internet\defer.py", line 662, in _runCallbacks
    current.result = callback(current.result, *args, **kw)
  File "E:\projects\maktabkhooneh\maketabkhooneh\spiders\courses.py", line 57, in extract
    more_json = json.loads(response.xpath('//script[@type="application/ld+json"][4]/text()').get())
  File "C:\Users\emeh\AppData\Local\Programs\Python\Python37\lib\json\__init__.py", line 341, in loads
    raise TypeError(f'the JSON object must be str, bytes or bytearray, '
TypeError: the JSON object must be str, bytes or bytearray, not NoneType
2021-07-04 23:26:50 [scrapy.core.scraper] ERROR: Spider error processing <GET https://maktabkhooneh.org/career/%D8%A2%D9%85%D9%88%D8%B2%D8%B4-%D8%B7%D8%B1%D8%A7%D8%AD%DB%8C-%D8%B3%D8%A7%DB%8C%D8%AA-php-mk7/> (referer: https://maktabkhooneh.org/api/learn/?types=PLUS&types=MAKTAB&types=HAMAYESH&sorting=new&selected_category=58&p=9)
Traceback (most recent call last):
  File "e:\projects\maktabkhooneh\venv\lib\site-packages\twisted\internet\defer.py", line 662, in _runCallbacks
    current.result = callback(current.result, *args, **kw)
  File "E:\projects\maktabkhooneh\maketabkhooneh\spiders\courses.py", line 57, in extract
    more_json = json.loads(response.xpath('//script[@type="application/ld+json"][4]/text()').get())
  File "C:\Users\emeh\AppData\Local\Programs\Python\Python37\lib\json\__init__.py", line 341, in loads
    raise TypeError(f'the JSON object must be str, bytes or bytearray, '
TypeError: the JSON object must be str, bytes or bytearray, not NoneType
2021-07-04 23:26:50 [scrapy.core.scraper] ERROR: Spider error processing <GET https://maktabkhooneh.org/career/%D8%B7%D8%B1%D8%A7%D8%AD%DB%8C-%D9%88%D8%A8-%D8%B3%D8%A7%DB%8C%D8%AA-%D9%BE%D8%A7%DB%8C%D8%AA%D9%88%D9%86-%D8%AC%D9%86%DA%AF%D9%88-mk12/> (referer: https://maktabkhooneh.org/api/learn/?types=PLUS&types=MAKTAB&types=HAMAYESH&sorting=new&selected_category=58&p=9)
Traceback (most recent call last):
  File "e:\projects\maktabkhooneh\venv\lib\site-packages\twisted\internet\defer.py", line 662, in _runCallbacks
    current.result = callback(current.result, *args, **kw)
  File "E:\projects\maktabkhooneh\maketabkhooneh\spiders\courses.py", line 57, in extract
    more_json = json.loads(response.xpath('//script[@type="application/ld+json"][4]/text()').get())
  File "C:\Users\emeh\AppData\Local\Programs\Python\Python37\lib\json\__init__.py", line 341, in loads
    raise TypeError(f'the JSON object must be str, bytes or bytearray, '
TypeError: the JSON object must be str, bytes or bytearray, not NoneType
2021-07-04 23:27:24 [scrapy.core.scraper] ERROR: Spider error processing <GET https://maktabkhooneh.org/career/%D8%A2%D9%85%D9%88%D8%B2%D8%B4-%D8%A7%D8%B5%D9%88%D9%84-%D8%B1%D8%A7%D9%87-%D8%A7%D9%86%D8%AF%D8%A7%D8%B2%DB%8C-%D8%A7%D8%B3%D8%AA%D8%A7%D8%B1%D8%AA-%D8%A2%D9%BE-mk11/> (referer: https://maktabkhooneh.org/api/learn/?types=PLUS&types=MAKTAB&types=HAMAYESH&sorting=new&selected_category=35&sorting=new&p=6)
Traceback (most recent call last):
  File "e:\projects\maktabkhooneh\venv\lib\site-packages\twisted\internet\defer.py", line 662, in _runCallbacks
    current.result = callback(current.result, *args, **kw)
  File "E:\projects\maktabkhooneh\maketabkhooneh\spiders\courses.py", line 57, in extract
    more_json = json.loads(response.xpath('//script[@type="application/ld+json"][4]/text()').get())
  File "C:\Users\emeh\AppData\Local\Programs\Python\Python37\lib\json\__init__.py", line 341, in loads
    raise TypeError(f'the JSON object must be str, bytes or bytearray, '
TypeError: the JSON object must be str, bytes or bytearray, not NoneType
2021-07-04 23:27:29 [scrapy.core.scraper] ERROR: Spider error processing <GET https://maktabkhooneh.org/career/%D9%BE%DB%8C%DA%A9%DB%8C%D8%AC-%D8%AA%D8%AE%D8%B5%D8%B5-%D8%AF%DB%8C%D8%AC%DB%8C%D8%AA%D8%A7%D9%84-%D9%85%D8%A7%D8%B1%DA%A9%D8%AA%D8%B1-%D8%B4%D8%AF%D9%86-mk10/> (referer: https://maktabkhooneh.org/api/learn/?types=PLUS&types=MAKTAB&types=HAMAYESH&sorting=new&selected_category=35&sorting=new&p=7)
Traceback (most recent call last):
  File "e:\projects\maktabkhooneh\venv\lib\site-packages\twisted\internet\defer.py", line 662, in _runCallbacks
    current.result = callback(current.result, *args, **kw)
  File "E:\projects\maktabkhooneh\maketabkhooneh\spiders\courses.py", line 57, in extract
    more_json = json.loads(response.xpath('//script[@type="application/ld+json"][4]/text()').get())
  File "C:\Users\emeh\AppData\Local\Programs\Python\Python37\lib\json\__init__.py", line 341, in loads
    raise TypeError(f'the JSON object must be str, bytes or bytearray, '
TypeError: the JSON object must be str, bytes or bytearray, not NoneType
2021-07-04 23:27:29 [scrapy.core.scraper] ERROR: Spider error processing <GET https://maktabkhooneh.org/career/%D8%A2%D9%85%D9%88%D8%B2%D8%B4-%D8%AD%D8%B3%D8%A7%D8%A8%D8%AF%D8%A7%D8%B1%DB%8C-%D9%86%D8%B1%D9%85-%D8%A7%D9%81%D8%B2%D8%A7%D8%B1-%D8%B3%D9%BE%DB%8C%D8%AF%D8%A7%D8%B1-mk9/> (referer: https://maktabkhooneh.org/api/learn/?types=PLUS&types=MAKTAB&types=HAMAYESH&sorting=new&selected_category=35&sorting=new&p=7)
Traceback (most recent call last):
  File "e:\projects\maktabkhooneh\venv\lib\site-packages\twisted\internet\defer.py", line 662, in _runCallbacks
    current.result = callback(current.result, *args, **kw)
  File "E:\projects\maktabkhooneh\maketabkhooneh\spiders\courses.py", line 57, in extract
    more_json = json.loads(response.xpath('//script[@type="application/ld+json"][4]/text()').get())
  File "C:\Users\emeh\AppData\Local\Programs\Python\Python37\lib\json\__init__.py", line 341, in loads
    raise TypeError(f'the JSON object must be str, bytes or bytearray, '
TypeError: the JSON object must be str, bytes or bytearray, not NoneType
2021-07-04 23:27:30 [scrapy.core.scraper] ERROR: Spider error processing <GET https://maktabkhooneh.org/career/%D8%A2%D9%85%D9%88%D8%B2%D8%B4-%D8%AA%D8%AD%D9%84%DB%8C%D9%84-%D8%AA%D8%AD%D9%84%DB%8C%D9%84-%DA%A9%D8%B3%D8%A8-%DA%A9%D8%A7%D8%B1-mk19/> (referer: https://maktabkhooneh.org/api/learn/?types=PLUS&types=MAKTAB&types=HAMAYESH&sorting=new&selected_category=35&sorting=new&p=4)
Traceback (most recent call last):
  File "e:\projects\maktabkhooneh\venv\lib\site-packages\twisted\internet\defer.py", line 662, in _runCallbacks
    current.result = callback(current.result, *args, **kw)
  File "E:\projects\maktabkhooneh\maketabkhooneh\spiders\courses.py", line 57, in extract
    more_json = json.loads(response.xpath('//script[@type="application/ld+json"][4]/text()').get())
  File "C:\Users\emeh\AppData\Local\Programs\Python\Python37\lib\json\__init__.py", line 341, in loads
    raise TypeError(f'the JSON object must be str, bytes or bytearray, '
TypeError: the JSON object must be str, bytes or bytearray, not NoneType
2021-07-04 23:27:42 [scrapy.core.scraper] ERROR: Spider error processing <GET https://maktabkhooneh.org/career/%D8%A2%D9%85%D9%88%D8%B2%D8%B4-%D8%AA%D8%A7%D9%81%D9%84-iBT-mk1/> (referer: https://maktabkhooneh.org/api/learn/?types=PLUS&types=MAKTAB&types=HAMAYESH&sorting=new&selected_category=54&sorting=new&p=7)
Traceback (most recent call last):
  File "e:\projects\maktabkhooneh\venv\lib\site-packages\twisted\internet\defer.py", line 662, in _runCallbacks
    current.result = callback(current.result, *args, **kw)
  File "E:\projects\maktabkhooneh\maketabkhooneh\spiders\courses.py", line 57, in extract
    more_json = json.loads(response.xpath('//script[@type="application/ld+json"][4]/text()').get())
  File "C:\Users\emeh\AppData\Local\Programs\Python\Python37\lib\json\__init__.py", line 341, in loads
    raise TypeError(f'the JSON object must be str, bytes or bytearray, '
TypeError: the JSON object must be str, bytes or bytearray, not NoneType
2021-07-04 23:27:54 [scrapy.core.scraper] ERROR: Spider error processing <GET https://maktabkhooneh.org/career/%D8%A2%D9%85%D9%88%D8%B2%D8%B4-%D8%B2%D8%A8%D8%A7%D9%86-%D8%A7%D9%86%DA%AF%D9%84%DB%8C%D8%B3%DB%8C-%D8%B9%D9%85%D9%88%D9%85%DB%8C-mk3/> (referer: https://maktabkhooneh.org/api/learn/?types=PLUS&types=MAKTAB&types=HAMAYESH&sorting=new&selected_category=54&sorting=new&p=6)
Traceback (most recent call last):
  File "e:\projects\maktabkhooneh\venv\lib\site-packages\twisted\internet\defer.py", line 662, in _runCallbacks
    current.result = callback(current.result, *args, **kw)
  File "E:\projects\maktabkhooneh\maketabkhooneh\spiders\courses.py", line 57, in extract
    more_json = json.loads(response.xpath('//script[@type="application/ld+json"][4]/text()').get())
  File "C:\Users\emeh\AppData\Local\Programs\Python\Python37\lib\json\__init__.py", line 341, in loads
    raise TypeError(f'the JSON object must be str, bytes or bytearray, '
TypeError: the JSON object must be str, bytes or bytearray, not NoneType
2021-07-04 23:27:55 [scrapy.core.scraper] ERROR: Spider error processing <GET https://maktabkhooneh.org/career/Turkish-mk13/> (referer: https://maktabkhooneh.org/api/learn/?types=PLUS&types=MAKTAB&types=HAMAYESH&sorting=new&selected_category=54&sorting=new&p=6)
Traceback (most recent call last):
  File "e:\projects\maktabkhooneh\venv\lib\site-packages\twisted\internet\defer.py", line 662, in _runCallbacks
    current.result = callback(current.result, *args, **kw)
  File "E:\projects\maktabkhooneh\maketabkhooneh\spiders\courses.py", line 57, in extract
    more_json = json.loads(response.xpath('//script[@type="application/ld+json"][4]/text()').get())
  File "C:\Users\emeh\AppData\Local\Programs\Python\Python37\lib\json\__init__.py", line 341, in loads
    raise TypeError(f'the JSON object must be str, bytes or bytearray, '
TypeError: the JSON object must be str, bytes or bytearray, not NoneType
